<?xml version="1.0" encoding="UTF-8"?>
<!-- Generated by org.testng.reporters.JUnitXMLReporter -->
<testsuite ignored="0" hostname="HELLLO" failures="0" tests="2" name="Default test" time="46.25" errors="0" timestamp="2024-09-05T01:04:52 IST">
  <testcase classname="com.automationFW.tests.LoginUser" name="verifyUserIsAbletoSignupAndLoginWithValidEmailPass" time="23.359"/>
  <testcase classname="com.automationFW.tests.LoginUser" name="verifyUserIsAbletoSignupAndLoginWithValidEmailPassAndDeleteAccount" time="7.977"/>
</testsuite> <!-- Default test -->
