<?xml version="1.0" encoding="UTF-8"?>
<!-- Generated by org.testng.reporters.JUnitXMLReporter -->
<testsuite ignored="0" hostname="HELLLO" failures="0" tests="4" name="RegisterUser" time="69.49" errors="0" timestamp="2024-09-12T21:37:19 IST">
  <testcase classname="com.automationFW.tests.LoginUser" name="verifyUserIsAbletoSignupAndLoginWithValidEmailPass" time="20.701"/>
  <testcase classname="com.automationFW.tests.LoginUser" name="verifyUserIsNotAbletoLoginWithIncorrectEmailAndPass" time="7.784"/>
  <testcase classname="com.automationFW.tests.LoginUser" name="verifyUserIsNotAbletoRegisterWithExistingEMail" time="8.596"/>
  <testcase classname="com.automationFW.tests.LoginUser" name="verifyUserIsAbletoSignupAndLoginWithValidEmailPassAndDeleteAccount" time="9.783"/>
</testsuite> <!-- RegisterUser -->
