<?xml version="1.0" encoding="UTF-8"?>
<testng-results ignored="0" total="1" passed="1" failed="0" skipped="0">
  <reporter-output>
  </reporter-output>
  <suite started-at="2024-08-22T00:16:25 IST" name="Default suite" finished-at="2024-08-22T00:16:41 IST" duration-ms="16207">
    <groups>
    </groups>
    <test started-at="2024-08-22T00:16:25 IST" name="Default test" finished-at="2024-08-22T00:16:41 IST" duration-ms="16207">
      <class name="com.automationFW.tests.RegisterUser">
        <test-method is-config="true" signature="initializeDriver(java.lang.String)[pri:0, instance:com.automationFW.tests.RegisterUser@6221a451]" started-at="2024-08-22T00:16:25 IST" name="initializeDriver" finished-at="2024-08-22T00:16:33 IST" duration-ms="8041" status="PASS">
          <params>
            <param index="0">
              <value is-null="true"/>
            </param>
          </params>
          <reporter-output>
          </reporter-output>
        </test-method> <!-- initializeDriver -->
        <test-method signature="verifyUserIsAbletoRegisterWithValidCreds()[pri:0, instance:com.automationFW.tests.RegisterUser@6221a451]" started-at="2024-08-22T00:16:33 IST" name="verifyUserIsAbletoRegisterWithValidCreds" finished-at="2024-08-22T00:16:40 IST" duration-ms="6797" status="PASS">
          <reporter-output>
          </reporter-output>
        </test-method> <!-- verifyUserIsAbletoRegisterWithValidCreds -->
        <test-method is-config="true" signature="tearDown()[pri:0, instance:com.automationFW.tests.RegisterUser@6221a451]" started-at="2024-08-22T00:16:40 IST" name="tearDown" finished-at="2024-08-22T00:16:41 IST" duration-ms="1161" status="PASS">
          <reporter-output>
          </reporter-output>
        </test-method> <!-- tearDown -->
      </class> <!-- com.automationFW.tests.RegisterUser -->
    </test> <!-- Default test -->
  </suite> <!-- Default suite -->
</testng-results>
