<?xml version="1.0" encoding="UTF-8"?>
<testng-results ignored="0" total="1" passed="1" failed="0" skipped="0">
  <reporter-output>
  </reporter-output>
  <suite started-at="2024-08-20T14:31:32 IST" name="Default suite" finished-at="2024-08-20T14:31:47 IST" duration-ms="15175">
    <groups>
    </groups>
    <test started-at="2024-08-20T14:31:32 IST" name="Default test" finished-at="2024-08-20T14:31:47 IST" duration-ms="15175">
      <class name="com.automationFW.tests.RegisterationTest">
        <test-method is-config="true" signature="initializeDriver(java.lang.String)[pri:0, instance:com.automationFW.tests.RegisterationTest@6221a451]" started-at="2024-08-20T14:31:32 IST" name="initializeDriver" finished-at="2024-08-20T14:31:46 IST" duration-ms="14344" status="PASS">
          <params>
            <param index="0">
              <value is-null="true"/>
            </param>
          </params>
          <reporter-output>
          </reporter-output>
        </test-method> <!-- initializeDriver -->
        <test-method signature="verifyUserIsAbletoSignupWithValidCreds()[pri:0, instance:com.automationFW.tests.RegisterationTest@6221a451]" started-at="2024-08-20T14:31:46 IST" name="verifyUserIsAbletoSignupWithValidCreds" finished-at="2024-08-20T14:31:46 IST" duration-ms="12" status="PASS">
          <reporter-output>
          </reporter-output>
        </test-method> <!-- verifyUserIsAbletoSignupWithValidCreds -->
        <test-method is-config="true" signature="tearDown()[pri:0, instance:com.automationFW.tests.RegisterationTest@6221a451]" started-at="2024-08-20T14:31:46 IST" name="tearDown" finished-at="2024-08-20T14:31:47 IST" duration-ms="695" status="PASS">
          <reporter-output>
          </reporter-output>
        </test-method> <!-- tearDown -->
      </class> <!-- com.automationFW.tests.RegisterationTest -->
    </test> <!-- Default test -->
  </suite> <!-- Default suite -->
</testng-results>
