<?xml version="1.0" encoding="UTF-8"?>
<!-- Generated by org.testng.reporters.JUnitXMLReporter -->
<testsuite ignored="0" hostname="HELLLO" failures="0" tests="4" name="RegisterUser" time="83.871" errors="0" timestamp="2024-09-14T13:54:31 IST">
  <testcase classname="com.automationFW.tests.LoginUser" name="verifyUserIsAbletoSignupAndLoginWithValidEmailPass" time="21.625"/>
  <testcase classname="com.automationFW.tests.LoginUser" name="verifyUserIsNotAbletoLoginWithIncorrectEmailAndPass" time="9.908"/>
  <testcase classname="com.automationFW.tests.LoginUser" name="verifyUserIsNotAbletoRegisterWithExistingEMail" time="8.667"/>
  <testcase classname="com.automationFW.tests.LoginUser" name="verifyUserIsAbletoSignupAndLoginWithValidEmailPassAndDeleteAccount" time="11.029"/>
</testsuite> <!-- RegisterUser -->
