<?xml version="1.0" encoding="UTF-8"?>
<!-- Generated by org.testng.reporters.JUnitXMLReporter -->
<testsuite ignored="0" hostname="HELLLO" failures="0" tests="4" name="RegisterUser" time="83.254" errors="0" timestamp="2024-09-12T21:55:44 IST">
  <testcase classname="com.automationFW.tests.LoginUser" name="verifyUserIsAbletoSignupAndLoginWithValidEmailPass" time="27.414"/>
  <testcase classname="com.automationFW.tests.LoginUser" name="verifyUserIsNotAbletoLoginWithIncorrectEmailAndPass" time="9.691"/>
  <testcase classname="com.automationFW.tests.LoginUser" name="verifyUserIsNotAbletoRegisterWithExistingEMail" time="9.334"/>
  <testcase classname="com.automationFW.tests.LoginUser" name="verifyUserIsAbletoSignupAndLoginWithValidEmailPassAndDeleteAccount" time="9.864"/>
</testsuite> <!-- RegisterUser -->
